<?xml version="1.0" encoding="UTF-8"?>
<!-- Generated by org.testng.reporters.JUnitReportReporter -->
<testsuite skipped="0" hostname="MTLP-439" name="testScripts.web.ARC_Login" tests="1" failures="0" timestamp="2022-04-29T16:49:57 IST" time="43.181" errors="0">
  <testcase name="login" time="43.181" classname="testScripts.web.ARC_Login"/>
</testsuite> <!-- testScripts.web.ARC_Login -->
