<?xml version="1.0" encoding="UTF-8"?>
<!-- Generated by org.testng.reporters.JUnitReportReporter -->
<testsuite skipped="0" hostname="MTLP-439" name="testScripts.web.ARC_AddChargeBatch" tests="8" failures="0" timestamp="2022-04-29T16:49:57 IST" time="325.556" errors="0">
  <testcase name="receivableRole" time="9.734" classname="testScripts.web.ARC_AddChargeBatch"/>
  <testcase name="createChangeBatch" time="15.961" classname="testScripts.web.ARC_AddChargeBatch"/>
  <testcase name="addCharge" time="39.426" classname="testScripts.web.ARC_AddChargeBatch"/>
  <testcase name="addbackup" time="55.438" classname="testScripts.web.ARC_AddChargeBatch"/>
  <testcase name="setupLegalEntity" time="47.321" classname="testScripts.web.ARC_AddChargeBatch"/>
  <testcase name="propertyAndSearchtoTenants" time="17.850" classname="testScripts.web.ARC_AddChargeBatch"/>
  <testcase name="reviewBatchHeader" time="46.819" classname="testScripts.web.ARC_AddChargeBatch"/>
  <testcase name="posthargeIntoPreviousMonth" time="93.007" classname="testScripts.web.ARC_AddChargeBatch"/>
</testsuite> <!-- testScripts.web.ARC_AddChargeBatch -->
